<?xml version="1.0" encoding="UTF-8"?>
<!-- Generated by org.testng.reporters.JUnitReportReporter -->
<testsuite hostname="DNHL-069" failures="0" tests="1" name="MyRunner.TestRunner" time="9.735" errors="0" timestamp="02 Jan 2021 16:18:23 GMT" skipped="0">
  <testcase classname="MyRunner.TestRunner" name="feature" time="9.735"/>
</testsuite> <!-- MyRunner.TestRunner -->
