<?xml version="1.0" encoding="UTF-8"?>
<!-- Generated by org.testng.reporters.JUnitReportReporter -->
<testsuite hostname="DNHL-069" failures="0" tests="1" name="MyRunner.TestRunner" time="5.612" errors="0" timestamp="04 Jan 2021 10:12:12 GMT" skipped="0">
  <testcase classname="MyRunner.TestRunner" name="feature" time="5.612"/>
</testsuite> <!-- MyRunner.TestRunner -->
