<?xml version="1.0" encoding="UTF-8"?>
<!-- Generated by org.testng.reporters.JUnitReportReporter -->
<testsuite hostname="DNHL-069" failures="0" tests="1" name="MyRunner.TestRunner" time="8.284" errors="0" timestamp="02 Jan 2021 13:31:03 GMT" skipped="0">
  <testcase classname="MyRunner.TestRunner" name="feature" time="8.284"/>
</testsuite> <!-- MyRunner.TestRunner -->
